#
# A fatal error has been detected by the Java Runtime Environment:
#
#  EXCEPTION_ACCESS_VIOLATION (0xc0000005) at pc=0x00007ffd805d26c4, pid=18532, tid=17932
#
# JRE version: OpenJDK Runtime Environment (24.0+36) (build 24+36-3646)
# Java VM: OpenJDK 64-Bit Server VM (24+36-3646, mixed mode, emulated-client, sharing, tiered, compressed oops, compressed class ptrs, g1 gc, windows-amd64)
# Problematic frame:
# C  [libasyncProfiler.dll+0x926c4]
#
# No core dump will be written. Minidumps are not enabled by default on client versions of Windows
#
# If you would like to submit a bug report, please visit:
#   https://bugreport.java.com/bugreport/crash.jsp
# The crash happened outside the Java Virtual Machine in native code.
# See problematic frame for where to report the bug.
#

---------------  S U M M A R Y ------------

Command Line: -agentlib:jdwp=transport=dt_socket,address=127.0.0.1:50176,suspend=y,server=n -javaagent:C:\Users\HP\AppData\Local\JetBrains\IntelliJIdea2025.1\captureAgent\debugger-agent.jar=file:///C:/Users/HP/AppData/Local/Temp/capture10574365340184502700.props -agentpath:C:\Users\HP\AppData\Local\Temp\idea_libasyncProfiler_dll_temp_folder10\libasyncProfiler.dll=version,jfr,event=wall,interval=10ms,cstack=no,file=C:\Users\HP\IdeaSnapshots\GestionDesEpiApplication_2025_05_29_164806.jfr,dbghelppath=C:\Users\HP\AppData\Local\Temp\idea_dbghelp_dll_temp_folder1\dbghelp.dll,log=C:\Users\HP\AppData\Local\Temp\GestionDesEpiApplication_2025_05_29_164806.jfr.log.txt,logLevel=DEBUG -XX:TieredStopAtLevel=1 -Dspring.output.ansi.enabled=always -Dcom.sun.management.jmxremote -Dspring.jmx.enabled=true -Dspring.liveBeansView.mbeanDomain -Dspring.application.admin.enabled=true -Dmanagement.endpoints.jmx.exposure.include=* -Dkotlinx.coroutines.debug.enable.creation.stack.trace=false -Ddebugger.agent.enable.coroutines=true -Dkotlinx.coroutines.debug.enable.flows.stack.trace=true -Dkotlinx.coroutines.debug.enable.mutable.state.flows.stack.trace=true -Dfile.encoding=UTF-8 -Dsun.stdout.encoding=UTF-8 -Dsun.stderr.encoding=UTF-8 com.example.gestion_des_epi.GestionDesEpiApplication

Host: Intel(R) Core(TM) i5-6200U CPU @ 2.30GHz, 4 cores, 7G,  Windows 10 , 64 bit Build 19041 (10.0.19041.5794)
Time: Thu May 29 16:48:44 2025 Paris, Madrid elapsed time: 37.388127 seconds (0d 0h 0m 37s)

---------------  T H R E A D  ---------------

Current thread (0x000001ea1317a7b0):  JavaThread "Attach Listener" daemon [_thread_in_native, id=17932, stack(0x0000006619e00000,0x0000006619f00000) (1024K)]

Stack: [0x0000006619e00000,0x0000006619f00000],  sp=0x0000006619eff190,  free space=1020k
Native frames: (J=compiled Java code, j=interpreted, Vv=VM code, C=native code)
C  [libasyncProfiler.dll+0x926c4]  (no source info available)
C  [libasyncProfiler.dll+0x92b9b]  (no source info available)
C  [libasyncProfiler.dll+0x917f4]  (no source info available)
C  [libasyncProfiler.dll+0x9206a]  (no source info available)
C  [libasyncProfiler.dll+0x8cc21]  (no source info available)
C  [libasyncProfiler.dll+0x7e5e1]  (no source info available)
C  [libasyncProfiler.dll+0x7d2f8]  (no source info available)
C  [libasyncProfiler.dll+0x7d1e0]  (no source info available)
C  [libasyncProfiler.dll+0x841b9]  (no source info available)
V  [jvm.dll+0x57f1b7]  (no source info available)
V  [jvm.dll+0x57ff2c]  (no source info available)
V  [jvm.dll+0x14c9b7]  (no source info available)
V  [jvm.dll+0x14df81]  (no source info available)
V  [jvm.dll+0x42f566]  (no source info available)
V  [jvm.dll+0x87d8fb]  (no source info available)
V  [jvm.dll+0x72efe5]  (no source info available)
C  [ucrtbase.dll+0x21bb2]  (no source info available)
C  [KERNEL32.DLL+0x17374]  (no source info available)
C  [ntdll.dll+0x4cc91]  (no source info available)


siginfo: EXCEPTION_ACCESS_VIOLATION (0xc0000005), reading address 0xffffffffffffffff


Registers:
RAX=0x0000000000000010, RBX=0x0000000000000000, RCX=0xffffffffffffffff, RDX=0x007ffd557d2ff010
RSP=0x0000006619eff190, RBP=0x000001ea1b34e1f0, RSI=0x0000006619eff300, RDI=0x000001ea1b34e1f0
R8 =0x0000000000000042, R9 =0x0000000081bfaa58, R10=0x00007ffd55a49fc0, R11=0x0000000000000048
R12=0x0000006619eff300, R13=0x000001ea08253ba0, R14=0x000001ea1317ab78, R15=0x000001ea1317ab78
RIP=0x00007ffd805d26c4, EFLAGS=0x0000000000010202

XMM[0]=0x0000000000000000 0x0000000000000000
XMM[1]=0x0000000000000000 0x0000000000000000
XMM[2]=0x0000000000000000 0x0000000000000000
XMM[3]=0x0000000000000000 0x0000000000000000
XMM[4]=0x0000000000000000 0x0000000000000000
XMM[5]=0x0000000000000000 0x0000000000000000
XMM[6]=0x0000000000000000 0x0000000000000000
XMM[7]=0x0000000000000000 0x0000000000000000
XMM[8]=0x0000000000000000 0x0000000000000000
XMM[9]=0x0000000000000000 0x0000000000000000
XMM[10]=0x0000000000000000 0x0000000000000000
XMM[11]=0x0000000000000000 0x0000000000000000
XMM[12]=0x0000000000000000 0x0000000000000000
XMM[13]=0x0000000000000000 0x0000000000000000
XMM[14]=0x0000000000000000 0x0000000000000000
XMM[15]=0x0000000000000000 0x0000000000000000
  MXCSR=0x00001fa0


Register to memory mapping:

RAX=0x0000000000000010 is an unknown value
RBX=0x0 is null
RCX=0xffffffffffffffff is an unknown value
RDX=0x007ffd557d2ff010 is an unknown value
RSP=0x0000006619eff190 is pointing into the stack for thread: 0x000001ea1317a7b0
RBP=0x000001ea1b34e1f0 points into unknown readable memory: 0x0000000081bfaa58 | 58 aa bf 81 00 00 00 00
RSI=0x0000006619eff300 is pointing into the stack for thread: 0x000001ea1317a7b0
RDI=0x000001ea1b34e1f0 points into unknown readable memory: 0x0000000081bfaa58 | 58 aa bf 81 00 00 00 00
R8 =0x0000000000000042 is an unknown value
R9 =0x0000000081bfaa58 is an oop: java.lang.Thread 
{0x0000000081bfaa58} - klass: 'java/lang/Thread' - flags: 

 - ---- fields (total size 14 words):
 - 'threadLocalRandomProbe' 'I' @12  -1640531527 (0x9e3779b9)
 - private volatile 'eetop' 'J' @16  2104671396160 (0x000001ea0830e140)
 - private final 'tid' 'J' @24  3 (0x0000000000000003)
 - 'threadLocalRandomSeed' 'J' @32  4464739118136452930 (0x3df5f0929f506742)
 - injected 'jvmti_thread_state' 'J' @40  2104990421760 (0x000001ea1b34d300)
 - 'threadLocalRandomSecondarySeed' 'I' @48  365345695 (0x15c6bb9f)
 - injected 'jvmti_VTMS_transition_disable_count' 'I' @52  0 (0x00000000)
 - injected 'jfr_epoch' 'S' @56  0 (0x0000)
 - volatile 'interrupted' 'Z' @58  false (0x00)
 - injected 'jvmti_is_in_VTMS_transition' 'Z' @59  false (0x00)
 - private volatile 'name' 'Ljava/lang/String;' @60  "main"{0x0000000081abb418} (0x81abb418)
 - private volatile 'contextClassLoader' 'Ljava/lang/ClassLoader;' @64  a 'jdk/internal/loader/ClassLoaders$AppClassLoader'{0x0000000081be3540} (0x81be3540)
 - private final 'holder' 'Ljava/lang/Thread$FieldHolder;' @68  a 'java/lang/Thread$FieldHolder'{0x0000000081abb3f0} (0x81abb3f0)
 - 'threadLocals' 'Ljava/lang/ThreadLocal$ThreadLocalMap;' @72  a 'java/lang/ThreadLocal$ThreadLocalMap'{0x0000000081abb080} (0x81abb080)
 - 'inheritableThreadLocals' 'Ljava/lang/ThreadLocal$ThreadLocalMap;' @76  null (0x00000000)
 - private 'scopedValueBindings' 'Ljava/lang/Object;' @80  a 'java/lang/Class'{0x00000000ffe7c280} = 'java/lang/Thread' (0xffe7c280)
 - final 'interruptLock' 'Ljava/lang/Object;' @84  a 'java/lang/Object'{0x0000000081abb070} (0x81abb070)
 - private volatile 'parkBlocker' 'Ljava/lang/Object;' @88  null (0x00000000)
 - private 'nioBlocker' 'Lsun/nio/ch/Interruptible;' @92  null (0x00000000)
 - private 'cont' 'Ljdk/internal/vm/Continuation;' @96  null (0x00000000)
 - private volatile 'uncaughtExceptionHandler' 'Ljava/lang/Thread$UncaughtExceptionHandler;' @100  null (0x00000000)
 - private 'container' 'Ljdk/internal/vm/ThreadContainer;' @104  null (0x00000000)
 - private volatile 'headStackableScopes' 'Ljdk/internal/vm/StackableScope;' @108  null (0x00000000)
R10=0x00007ffd55a49fc0 jvm.dll
R11=0x0000000000000048 is an unknown value
R12=0x0000006619eff300 is pointing into the stack for thread: 0x000001ea1317a7b0
R13=0x000001ea08253ba0 points into unknown readable memory: 0x00007ffd559ba510 | 10 a5 9b 55 fd 7f 00 00
R14=0x000001ea1317ab78 points into unknown readable memory: 0x00007ffd559b17b0 | b0 17 9b 55 fd 7f 00 00
R15=0x000001ea1317ab78 points into unknown readable memory: 0x00007ffd559b17b0 | b0 17 9b 55 fd 7f 00 00

Top of Stack: (sp=0x0000006619eff190)
0x0000006619eff190:   0000006619eff300 000001ea1b34e1f0   ....f.....4.....
0x0000006619eff1a0:   0000000000000000 000001ea1317af00   ................
0x0000006619eff1b0:   0000000000000025 00007ffd805d2b9b   %........+].....
0x0000006619eff1c0:   0000000000000000 000001ea1317ab78   ........x.......
0x0000006619eff1d0:   0000006619eff301 0000000000000000   ....f...........
0x0000006619eff1e0:   000001ea658bde10 00007ffd805d17f4   ...e......].....
0x0000006619eff1f0:   0000000000000000 0000000000000025   ........%.......
0x0000006619eff200:   0000000000000000 0000000000000025   ........%.......
0x0000006619eff210:   0000001100000000 000001ea65f144a0   .........D.e....
0x0000006619eff220:   000001ea658bde10 000001ea658bdea4   ...e.......e....
0x0000006619eff230:   000001ea658bdeb8 00000066000038b8   ...e.....8..f...
0x0000006619eff240:   0000000000000000 0000000000000000   ................
0x0000006619eff250:   0000000000000000 00007ffd552158e4   .........X!U....
0x0000006619eff260:   00007ffd80714ca0 0000000000004864   .Lq.....dH......
0x0000006619eff270:   00007ffd80714ca0 00000000ffffffff   .Lq.............
0x0000006619eff280:   0000000000000000 00007ffd805d206a   ........j ].....
0x0000006619eff290:   000001ea1317ab78 0000000000000000   x...............
0x0000006619eff2a0:   0000006619eff309 000001ea08253ba0   ....f....;%.....
0x0000006619eff2b0:   000001ea6162a0c0 00007ffd0000001b   ..ba............
0x0000006619eff2c0:   000001ea07fd0000 000001ea65fa8b30   ........0..e....
0x0000006619eff2d0:   000001ea1317ab78 00007ffd80714ca0   x........Lq.....
0x0000006619eff2e0:   0000000000100000 0000000000001000   ................
0x0000006619eff2f0:   0000006619eff498 000001ea1317ab78   ....f...x.......
0x0000006619eff300:   000001ea65ab0d60 000001ea65ab1200   `..e.......e....
0x0000006619eff310:   000001ea65ab1200 00007ffd80714ca0   ...e.....Lq.....
0x0000006619eff320:   0000006619eff498 000001ea08000000   ....f...........
0x0000006619eff330:   0000006619eff5d0 0000000000008840   ....f...@.......
0x0000006619eff340:   0000006619eff7b0 00007ffd80714cf0   ....f....Lq.....
0x0000006619eff350:   0000000000989680 0000000000989680   ................
0x0000006619eff360:   0000006619eff470 00007ffd805ccc21   p...f...!.\.....
0x0000006619eff370:   00007ffd80714ca0 00007ffd80714cf8   .Lq......Lq.....
0x0000006619eff380:   00007ffd00000000 00007ffd00000001   ................

Instructions: (pc=0x00007ffd805d26c4)
  0x00007ffd805d25c4:   cc cc cc cc cc cc cc cc cc cc cc cc cc cc cc cc
  0x00007ffd805d25d4:   cc cc cc cc cc cc cc cc cc cc cc cc cc cc cc cc
  0x00007ffd805d25e4:   cc cc cc cc cc cc cc cc cc cc cc cc cc cc cc cc
  0x00007ffd805d25f4:   cc cc cc cc cc cc cc cc cc cc cc cc cc cc cc cc
  0x00007ffd805d2604:   cc cc cc cc cc cc cc cc cc cc cc cc cc cc cc cc
  0x00007ffd805d2614:   cc cc cc cc cc cc cc cc cc cc cc cc cc cc cc cc
  0x00007ffd805d2624:   cc cc cc cc cc cc cc cc cc cc cc cc cc cc cc cc
  0x00007ffd805d2634:   cc cc cc cc cc cc cc cc cc cc cc cc cc cc cc cc
  0x00007ffd805d2644:   cc cc cc cc cc cc cc cc cc cc cc cc 40 57 48 83
  0x00007ffd805d2654:   ec 20 48 8b f9 48 8b 0d 10 28 14 00 48 85 c9 74
  0x00007ffd805d2664:   20 48 8b 01 48 8d 54 24 38 41 b8 06 00 01 00 4c
  0x00007ffd805d2674:   8b 48 30 41 ff d1 85 c0 75 07 48 8b 4c 24 38 eb
  0x00007ffd805d2684:   02 33 c9 4c 8b 05 ea 28 14 00 48 89 5c 24 30 4d
  0x00007ffd805d2694:   85 c0 74 4a 48 8b 01 48 8b d7 4c 8b 88 28 03 00
  0x00007ffd805d26a4:   00 41 ff d1 48 85 c0 74 35 48 63 0d f8 e6 13 00
  0x00007ffd805d26b4:   48 8b 14 01 48 85 d2 74 15 48 63 05 fc e6 13 00
=>0x00007ffd805d26c4:   8b 04 10 48 8b 5c 24 30 48 83 c4 20 5f c3 b8 ff
  0x00007ffd805d26d4:   ff ff ff 48 8b 5c 24 30 48 83 c4 20 5f c3 80 3d
  0x00007ffd805d26e4:   9b 27 14 00 00 bb ff ff ff ff 74 20 4c 8b 0d 31
  0x00007ffd805d26f4:   24 14 00 4c 8d 44 24 38 48 8b 0d 15 24 14 00 48
  0x00007ffd805d2704:   8b d7 41 ff d1 85 c0 0f 44 5c 24 38 8b c3 48 8b
  0x00007ffd805d2714:   5c 24 30 48 83 c4 20 5f c3 cc cc cc cc cc cc cc
  0x00007ffd805d2724:   cc cc cc cc cc cc cc cc cc cc cc cc cc cc cc cc
  0x00007ffd805d2734:   cc cc cc cc cc cc cc cc cc cc cc cc cc cc cc cc
  0x00007ffd805d2744:   cc cc cc cc cc cc cc cc cc cc cc cc 48 89 54 24
  0x00007ffd805d2754:   10 53 55 56 57 41 56 41 57 48 83 ec 28 48 8b f2
  0x00007ffd805d2764:   4c 8b f1 48 89 4c 24 78 45 33 ff 44 89 7c 24 68
  0x00007ffd805d2774:   c7 44 24 60 01 00 00 00 48 8d 4c 24 68 e8 ed 42
  0x00007ffd805d2784:   f7 ff 8b d8 48 8d 4c 24 60 e8 e1 42 f7 ff 8b e8
  0x00007ffd805d2794:   49 8b ce e8 00 fc f6 ff 48 8b f8 90 8b c3 f0 0f
  0x00007ffd805d27a4:   b1 2f 74 04 f3 90 eb f4 4c 89 3e 4c 89 7e 08 4c
  0x00007ffd805d27b4:   89 7e 10 49 8b 6e 08 4d 8b 76 10 49 3b ee 0f 84


Stack slot to memory mapping:

stack at sp + 0 slots: 0x0000006619eff300 is pointing into the stack for thread: 0x000001ea1317a7b0
stack at sp + 1 slots: 0x000001ea1b34e1f0 points into unknown readable memory: 0x0000000081bfaa58 | 58 aa bf 81 00 00 00 00
stack at sp + 2 slots: 0x0 is null
stack at sp + 3 slots: 0x000001ea1317af00 points into unknown readable memory: 0x6e616c2e6176616a | 6a 61 76 61 2e 6c 61 6e
stack at sp + 4 slots: 0x0000000000000025 is an unknown value
stack at sp + 5 slots: 0x00007ffd805d2b9b libasyncProfiler.dll
stack at sp + 6 slots: 0x0 is null
stack at sp + 7 slots: 0x000001ea1317ab78 points into unknown readable memory: 0x00007ffd559b17b0 | b0 17 9b 55 fd 7f 00 00

Lock stack of current Java thread (top to bottom):


---------------  P R O C E S S  ---------------

Threads class SMR info:
_java_thread_list=0x000001ea65f4ca30, length=20, elements={
0x000001ea0830e140, 0x000001ea13171cc0, 0x000001ea13176c20, 0x000001ea13177b70,
0x000001ea1317a7b0, 0x000001ea1317b2e0, 0x000001ea1317de20, 0x000001ea13180960,
0x000001ea1b3c6620, 0x000001ea1b48d650, 0x000001ea1b4b3dc0, 0x000001ea1b491720,
0x000001ea1b535450, 0x000001ea1b693070, 0x000001ea61a83ef0, 0x000001ea1b608db0,
0x000001ea64321490, 0x000001ea65ed2ed0, 0x000001ea65ed2780, 0x000001ea65ed70a0
}

Java Threads: ( => current thread )
  0x000001ea0830e140 JavaThread "main"                              [_thread_in_Java, id=18820, stack(0x0000006619300000,0x0000006619400000) (1024K)]
  0x000001ea13171cc0 JavaThread "Reference Handler"          daemon [_thread_blocked, id=12220, stack(0x0000006619b00000,0x0000006619c00000) (1024K)]
  0x000001ea13176c20 JavaThread "Finalizer"                  daemon [_thread_blocked, id=14348, stack(0x0000006619c00000,0x0000006619d00000) (1024K)]
  0x000001ea13177b70 JavaThread "Signal Dispatcher"          daemon [_thread_blocked, id=17920, stack(0x0000006619d00000,0x0000006619e00000) (1024K)]
=>0x000001ea1317a7b0 JavaThread "Attach Listener"            daemon [_thread_in_native, id=17932, stack(0x0000006619e00000,0x0000006619f00000) (1024K)]
  0x000001ea1317b2e0 JavaThread "Service Thread"             daemon [_thread_blocked, id=17276, stack(0x0000006619f00000,0x000000661a000000) (1024K)]
  0x000001ea1317de20 JavaThread "Monitor Deflation Thread"   daemon [_thread_blocked, id=2120, stack(0x000000661a000000,0x000000661a100000) (1024K)]
  0x000001ea13180960 JavaThread "C1 CompilerThread0"         daemon [_thread_in_native, id=9764, stack(0x000000661a100000,0x000000661a200000) (1024K)]
  0x000001ea1b3c6620 JavaThread "Common-Cleaner"             daemon [_thread_blocked, id=16760, stack(0x000000661a300000,0x000000661a400000) (1024K)]
  0x000001ea1b48d650 JavaThread "JDWP Transport Listener: dt_socket" daemon [_thread_blocked, id=15196, stack(0x000000661a400000,0x000000661a500000) (1024K)]
  0x000001ea1b4b3dc0 JavaThread "JDWP Event Helper Thread"   daemon [_thread_blocked, id=7136, stack(0x000000661a500000,0x000000661a600000) (1024K)]
  0x000001ea1b491720 JavaThread "JDWP Command Reader"        daemon [_thread_in_native, id=14148, stack(0x000000661a600000,0x000000661a700000) (1024K)]
  0x000001ea1b535450 JavaThread "IntelliJ Suspend Helper"    daemon [_thread_blocked, id=9428, stack(0x000000661a700000,0x000000661a800000) (1024K)]
  0x000001ea1b693070 JavaThread "Notification Thread"        daemon [_thread_blocked, id=7192, stack(0x000000661a800000,0x000000661a900000) (1024K)]
  0x000001ea61a83ef0 JavaThread "RMI TCP Accept-0"           daemon [_thread_in_native, id=11580, stack(0x000000661aa00000,0x000000661ab00000) (1024K)]
  0x000001ea1b608db0 JavaThread "mysql-cj-abandoned-connection-cleanup" daemon [_thread_blocked, id=15240, stack(0x000000661ae00000,0x000000661af00000) (1024K)]
  0x000001ea64321490 JavaThread "HikariPool-1 housekeeper"   daemon [_thread_blocked, id=14976, stack(0x000000661b000000,0x000000661b100000) (1024K)]
  0x000001ea65ed2ed0 JavaThread "Catalina-utility-1"                [_thread_blocked, id=7400, stack(0x000000661b200000,0x000000661b300000) (1024K)]
  0x000001ea65ed2780 JavaThread "Catalina-utility-2"                [_thread_blocked, id=16192, stack(0x000000661b300000,0x000000661b400000) (1024K)]
  0x000001ea65ed70a0 JavaThread "container-0"                       [_thread_blocked, id=7732, stack(0x000000661b400000,0x000000661b500000) (1024K)]
Total: 20

Other Threads:
  0x000001ea13160990 VMThread "VM Thread"                           [id=6384, stack(0x0000006619a00000,0x0000006619b00000) (1024K)]
  0x000001ea1b34ca00 WatcherThread "VM Periodic Task Thread"        [id=19132, stack(0x0000006619900000,0x0000006619a00000) (1024K)]
  0x000001ea13051b00 WorkerThread "GC Thread#0"                     [id=15364, stack(0x0000006619400000,0x0000006619500000) (1024K)]
  0x000001ea61c90500 WorkerThread "GC Thread#1"                     [id=16324, stack(0x000000661ab00000,0x000000661ac00000) (1024K)]
  0x000001ea61bd71d0 WorkerThread "GC Thread#2"                     [id=18464, stack(0x000000661ac00000,0x000000661ad00000) (1024K)]
  0x000001ea61c8a850 WorkerThread "GC Thread#3"                     [id=19104, stack(0x000000661ad00000,0x000000661ae00000) (1024K)]
  0x000001ea130666a0 ConcurrentGCThread "G1 Main Marker"            [id=14780, stack(0x0000006619500000,0x0000006619600000) (1024K)]
  0x000001ea130670c0 WorkerThread "G1 Conc#0"                       [id=7952, stack(0x0000006619600000,0x0000006619700000) (1024K)]
  0x000001ea130fc6e0 ConcurrentGCThread "G1 Refine#0"               [id=3956, stack(0x0000006619700000,0x0000006619800000) (1024K)]
  0x000001ea130fd170 ConcurrentGCThread "G1 Service"                [id=14032, stack(0x0000006619800000,0x0000006619900000) (1024K)]
Total: 10

Threads with active compile tasks:
C1 CompilerThread0  37767 5909       1       java.util.stream.ReferencePipeline::anyMatch (18 bytes)
Total: 1

VM state: not at safepoint (normal execution)

VM Mutex/Monitor currently owned by a thread: None

Heap address: 0x0000000081800000, size: 2024 MB, Compressed Oops mode: 32-bit

CDS archive(s) mapped at: [0x000001ea1c000000-0x000001ea1cd40000-0x000001ea1cd40000), size 13893632, SharedBaseAddress: 0x000001ea1c000000, ArchiveRelocationMode: 1.
Compressed class space mapped at: 0x000001ea1d000000-0x000001ea5d000000, reserved size: 1073741824
UseCompressedClassPointers 1, UseCompactObjectHeaders 0
Narrow klass pointer bits 32, Max shift 3
Narrow klass base: 0x000001ea1c000000, Narrow klass shift: 0
Encoding Range: [0x000001ea1c000000 - 0x000001eb1c000000), (4294967296 bytes)
Klass Range:    [0x000001ea1c000000 - 0x000001ea5d000000), (1090519040 bytes)
Klass ID Range:  [8 - 1090519033) (1090519025)

GC Precious Log:
 CardTable entry size: 512
 Card Set container configuration: InlinePtr #cards 5 size 8 Array Of Cards #cards 10 size 36 Howl #buckets 4 coarsen threshold 1843 Howl Bitmap #cards 512 size 80 coarsen threshold 460 Card regions per heap region 1 cards per card region 2048
 CPUs: 4 total, 4 available
 Memory: 8088M
 Large Page Support: Disabled
 NUMA Support: Disabled
 Compressed Oops: Enabled (32-bit)
 Heap Region Size: 1M
 Heap Min Capacity: 8M
 Heap Initial Capacity: 128M
 Heap Max Capacity: 2024M
 Pre-touch: Disabled
 Parallel Workers: 4
 Concurrent Workers: 1
 Concurrent Refinement Workers: 4
 Periodic GC: Disabled

Heap:
 garbage-first heap   total reserved 2072576K, committed 61440K, used 40952K [0x0000000081800000, 0x0000000100000000)
  region size 1024K, 16 young (16384K), 4 survivors (4096K)
 Metaspace       used 65773K, committed 66304K, reserved 1114112K
  class space    used 7131K, committed 7360K, reserved 1048576K

Heap Regions: E=young(eden), S=young(survivor), O=old, HS=humongous(starts), HC=humongous(continues), CS=collection set, F=free, TAMS=top-at-mark-start, PB=parsable bottom
|   0|0x0000000081800000, 0x0000000081900000, 0x0000000081900000|100%|HS|  |TAMS 0x0000000081800000| PB 0x0000000081800000| Complete |  0
|   1|0x0000000081900000, 0x0000000081a00000, 0x0000000081a00000|100%|HS|  |TAMS 0x0000000081900000| PB 0x0000000081900000| Complete |  0
|   2|0x0000000081a00000, 0x0000000081b00000, 0x0000000081b00000|100%| O|  |TAMS 0x0000000081a00000| PB 0x0000000081a00000| Untracked |  0
|   3|0x0000000081b00000, 0x0000000081c00000, 0x0000000081c00000|100%| O|  |TAMS 0x0000000081b00000| PB 0x0000000081b00000| Untracked |  0
|   4|0x0000000081c00000, 0x0000000081d00000, 0x0000000081d00000|100%| O|  |TAMS 0x0000000081c00000| PB 0x0000000081c00000| Untracked |  0
|   5|0x0000000081d00000, 0x0000000081e00000, 0x0000000081e00000|100%| O|  |TAMS 0x0000000081d00000| PB 0x0000000081d00000| Untracked |  0
|   6|0x0000000081e00000, 0x0000000081f00000, 0x0000000081f00000|100%| O|  |TAMS 0x0000000081e00000| PB 0x0000000081e00000| Untracked |  0
|   7|0x0000000081f00000, 0x0000000082000000, 0x0000000082000000|100%| O|  |TAMS 0x0000000081f00000| PB 0x0000000081f00000| Untracked |  0
|   8|0x0000000082000000, 0x0000000082100000, 0x0000000082100000|100%| O|  |TAMS 0x0000000082000000| PB 0x0000000082000000| Untracked |  0
|   9|0x0000000082100000, 0x0000000082200000, 0x0000000082200000|100%| O|  |TAMS 0x0000000082100000| PB 0x0000000082100000| Untracked |  0
|  10|0x0000000082200000, 0x0000000082300000, 0x0000000082300000|100%| O|  |TAMS 0x0000000082200000| PB 0x0000000082200000| Untracked |  0
|  11|0x0000000082300000, 0x0000000082400000, 0x0000000082400000|100%| O|  |TAMS 0x0000000082300000| PB 0x0000000082300000| Untracked |  0
|  12|0x0000000082400000, 0x0000000082500000, 0x0000000082500000|100%| O|  |TAMS 0x0000000082400000| PB 0x0000000082400000| Untracked |  0
|  13|0x0000000082500000, 0x0000000082600000, 0x0000000082600000|100%| O|  |TAMS 0x0000000082500000| PB 0x0000000082500000| Untracked |  0
|  14|0x0000000082600000, 0x0000000082700000, 0x0000000082700000|100%| O|Cm|TAMS 0x0000000082600000| PB 0x0000000082600000| Complete |  0
|  15|0x0000000082700000, 0x0000000082800000, 0x0000000082800000|100%| O|  |TAMS 0x0000000082700000| PB 0x0000000082700000| Untracked |  0
|  16|0x0000000082800000, 0x0000000082900000, 0x0000000082900000|100%| O|  |TAMS 0x0000000082800000| PB 0x0000000082800000| Untracked |  0
|  17|0x0000000082900000, 0x0000000082a00000, 0x0000000082a00000|100%| O|  |TAMS 0x0000000082900000| PB 0x0000000082900000| Untracked |  0
|  18|0x0000000082a00000, 0x0000000082b00000, 0x0000000082b00000|100%| O|  |TAMS 0x0000000082a00000| PB 0x0000000082a00000| Untracked |  0
|  19|0x0000000082b00000, 0x0000000082c00000, 0x0000000082c00000|100%| O|  |TAMS 0x0000000082b00000| PB 0x0000000082b00000| Untracked |  0
|  20|0x0000000082c00000, 0x0000000082d00000, 0x0000000082d00000|100%| O|  |TAMS 0x0000000082c00000| PB 0x0000000082c00000| Untracked |  0
|  21|0x0000000082d00000, 0x0000000082e00000, 0x0000000082e00000|100%| O|  |TAMS 0x0000000082d00000| PB 0x0000000082d00000| Untracked |  0
|  22|0x0000000082e00000, 0x0000000082f00000, 0x0000000082f00000|100%| O|  |TAMS 0x0000000082e00000| PB 0x0000000082e00000| Untracked |  0
|  23|0x0000000082f00000, 0x0000000083000000, 0x0000000083000000|100%| O|  |TAMS 0x0000000082f00000| PB 0x0000000082f00000| Untracked |  0
|  24|0x0000000083000000, 0x0000000083000000, 0x0000000083100000|  0%| F|  |TAMS 0x0000000083000000| PB 0x0000000083000000| Untracked |  0
|  25|0x0000000083100000, 0x00000000831bdec0, 0x0000000083200000| 74%| S|CS|TAMS 0x0000000083100000| PB 0x0000000083100000| Complete |  0
|  26|0x0000000083200000, 0x0000000083240310, 0x0000000083300000| 25%| O|  |TAMS 0x0000000083200000| PB 0x0000000083200000| Untracked |  0
|  27|0x0000000083300000, 0x0000000083400000, 0x0000000083400000|100%| S|CS|TAMS 0x0000000083300000| PB 0x0000000083300000| Complete |  0
|  28|0x0000000083400000, 0x0000000083500000, 0x0000000083500000|100%| S|CS|TAMS 0x0000000083400000| PB 0x0000000083400000| Complete |  0
|  29|0x0000000083500000, 0x0000000083600000, 0x0000000083600000|100%| S|CS|TAMS 0x0000000083500000| PB 0x0000000083500000| Complete |  0
|  30|0x0000000083600000, 0x0000000083600000, 0x0000000083700000|  0%| F|  |TAMS 0x0000000083600000| PB 0x0000000083600000| Untracked |  0
|  31|0x0000000083700000, 0x0000000083700000, 0x0000000083800000|  0%| F|  |TAMS 0x0000000083700000| PB 0x0000000083700000| Untracked |  0
|  32|0x0000000083800000, 0x0000000083800000, 0x0000000083900000|  0%| F|  |TAMS 0x0000000083800000| PB 0x0000000083800000| Untracked |  0
|  33|0x0000000083900000, 0x0000000083900000, 0x0000000083a00000|  0%| F|  |TAMS 0x0000000083900000| PB 0x0000000083900000| Untracked |  0
|  34|0x0000000083a00000, 0x0000000083a00000, 0x0000000083b00000|  0%| F|  |TAMS 0x0000000083a00000| PB 0x0000000083a00000| Untracked |  0
|  35|0x0000000083b00000, 0x0000000083b00000, 0x0000000083c00000|  0%| F|  |TAMS 0x0000000083b00000| PB 0x0000000083b00000| Untracked |  0
|  36|0x0000000083c00000, 0x0000000083c00000, 0x0000000083d00000|  0%| F|  |TAMS 0x0000000083c00000| PB 0x0000000083c00000| Untracked |  0
|  37|0x0000000083d00000, 0x0000000083d00000, 0x0000000083e00000|  0%| F|  |TAMS 0x0000000083d00000| PB 0x0000000083d00000| Untracked |  0
|  38|0x0000000083e00000, 0x0000000083e00000, 0x0000000083f00000|  0%| F|  |TAMS 0x0000000083e00000| PB 0x0000000083e00000| Untracked |  0
|  39|0x0000000083f00000, 0x0000000083f00000, 0x0000000084000000|  0%| F|  |TAMS 0x0000000083f00000| PB 0x0000000083f00000| Untracked |  0
|  40|0x0000000084000000, 0x0000000084000000, 0x0000000084100000|  0%| F|  |TAMS 0x0000000084000000| PB 0x0000000084000000| Untracked |  0
|  41|0x0000000084100000, 0x0000000084100000, 0x0000000084200000|  0%| F|  |TAMS 0x0000000084100000| PB 0x0000000084100000| Untracked |  0
|  42|0x0000000084200000, 0x0000000084200000, 0x0000000084300000|  0%| F|  |TAMS 0x0000000084200000| PB 0x0000000084200000| Untracked |  0
|  43|0x0000000084300000, 0x0000000084300000, 0x0000000084400000|  0%| F|  |TAMS 0x0000000084300000| PB 0x0000000084300000| Untracked |  0
|  44|0x0000000084400000, 0x0000000084400000, 0x0000000084500000|  0%| F|  |TAMS 0x0000000084400000| PB 0x0000000084400000| Untracked |  0
|  45|0x0000000084500000, 0x0000000084500000, 0x0000000084600000|  0%| F|  |TAMS 0x0000000084500000| PB 0x0000000084500000| Untracked |  0
|  46|0x0000000084600000, 0x000000008467e620, 0x0000000084700000| 49%| E|  |TAMS 0x0000000084600000| PB 0x0000000084600000| Complete |  0
|  47|0x0000000084700000, 0x0000000084800000, 0x0000000084800000|100%| E|CS|TAMS 0x0000000084700000| PB 0x0000000084700000| Complete |  0
|  48|0x0000000084800000, 0x0000000084900000, 0x0000000084900000|100%| E|CS|TAMS 0x0000000084800000| PB 0x0000000084800000| Complete |  0
|  49|0x0000000084900000, 0x0000000084a00000, 0x0000000084a00000|100%| E|CS|TAMS 0x0000000084900000| PB 0x0000000084900000| Complete |  0
|  50|0x0000000084a00000, 0x0000000084b00000, 0x0000000084b00000|100%| E|CS|TAMS 0x0000000084a00000| PB 0x0000000084a00000| Complete |  0
|  51|0x0000000084b00000, 0x0000000084c00000, 0x0000000084c00000|100%| E|CS|TAMS 0x0000000084b00000| PB 0x0000000084b00000| Complete |  0
|  52|0x0000000084c00000, 0x0000000084d00000, 0x0000000084d00000|100%| E|CS|TAMS 0x0000000084c00000| PB 0x0000000084c00000| Complete |  0
|  72|0x0000000086000000, 0x0000000086100000, 0x0000000086100000|100%| E|CS|TAMS 0x0000000086000000| PB 0x0000000086000000| Complete |  0
|  73|0x0000000086100000, 0x0000000086200000, 0x0000000086200000|100%| E|CS|TAMS 0x0000000086100000| PB 0x0000000086100000| Complete |  0
|  74|0x0000000086200000, 0x0000000086300000, 0x0000000086300000|100%| E|CS|TAMS 0x0000000086200000| PB 0x0000000086200000| Complete |  0
|  75|0x0000000086300000, 0x0000000086400000, 0x0000000086400000|100%| E|CS|TAMS 0x0000000086300000| PB 0x0000000086300000| Complete |  0
| 127|0x0000000089700000, 0x0000000089800000, 0x0000000089800000|100%| E|CS|TAMS 0x0000000089700000| PB 0x0000000089700000| Complete |  0
|2022|0x00000000ffe00000, 0x00000000fff00000, 0x00000000fff00000|100%| O|  |TAMS 0x00000000ffe00000| PB 0x00000000ffe00000| Untracked |  0
|2023|0x00000000fff00000, 0x0000000100000000, 0x0000000100000000|100%| E|CS|TAMS 0x00000000fff00000| PB 0x00000000fff00000| Complete |  0

Card table byte_map: [0x000001ea16a40000,0x000001ea16e40000] _byte_map_base: 0x000001ea16634000

Marking Bits: (CMBitMap*) 0x000001ea13052120
 Bits: [0x000001ea16e40000, 0x000001ea18de0000)

Polling page: 0x000001ea123e0000

Metaspace:

Usage:
  Non-class:     57.29 MB used.
      Class:      6.97 MB used.
       Both:     64.26 MB used.

Virtual space:
  Non-class space:       64.00 MB reserved,      57.56 MB ( 90%) committed,  1 nodes.
      Class space:        1.00 GB reserved,       7.19 MB ( <1%) committed,  1 nodes.
             Both:        1.06 GB reserved,      64.75 MB (  6%) committed. 

Chunk freelists:
   Non-Class:  6.12 MB
       Class:  8.78 MB
        Both:  14.91 MB

MaxMetaspaceSize: unlimited
CompressedClassSpaceSize: 1.00 GB
Initial GC threshold: 21.00 MB
Current GC threshold: 99.19 MB
CDS: on
 - commit_granule_bytes: 65536.
 - commit_granule_words: 8192.
 - virtual_space_node_default_size: 8388608.
 - enlarge_chunks_in_place: 1.
UseCompressedClassPointers 1, UseCompactObjectHeaders 0
Narrow klass pointer bits 32, Max shift 3
Narrow klass base: 0x000001ea1c000000, Narrow klass shift: 0
Encoding Range: [0x000001ea1c000000 - 0x000001eb1c000000), (4294967296 bytes)
Klass Range:    [0x000001ea1c000000 - 0x000001ea5d000000), (1090519040 bytes)
Klass ID Range:  [8 - 1090519033) (1090519025)


Internal statistics:

num_allocs_failed_limit: 11.
num_arena_births: 674.
num_arena_deaths: 0.
num_vsnodes_births: 2.
num_vsnodes_deaths: 0.
num_space_committed: 1036.
num_space_uncommitted: 0.
num_chunks_returned_to_freelist: 11.
num_chunks_taken_from_freelist: 2768.
num_chunk_merges: 11.
num_chunk_splits: 2073.
num_chunks_enlarged: 1717.
num_inconsistent_stats: 0.

CodeCache: size=49152Kb used=8442Kb max_used=9529Kb free=40709Kb
 bounds [0x000001ea131a0000, 0x000001ea13af0000, 0x000001ea161a0000]
 total_blobs=6542, nmethods=5839, adapters=629, full_count=0
Compilation: enabled, stopped_count=0, restarted_count=0

Compilation events (20 events):
Event: 14.492 Thread 0x000001ea13180960 5865   !   1       com.intellij.rt.debugger.agent.CaptureStorage$4::run (126 bytes)
Event: 14.494 Thread 0x000001ea13180960 nmethod 5865 0x000001ea13aec288 code [0x000001ea13aec4e0, 0x000001ea13aecca8]
Event: 14.497 Thread 0x000001ea13180960 5866   !   1       jdk.proxy2.$Proxy44::annotationType (28 bytes)
Event: 14.498 Thread 0x000001ea13180960 nmethod 5866 0x000001ea13aece08 code [0x000001ea13aecf40, 0x000001ea13aed1a0]
Event: 14.498 Thread 0x000001ea13180960 5867   !   1       jdk.proxy2.$Proxy60::annotationType (28 bytes)
Event: 14.498 Thread 0x000001ea13180960 nmethod 5867 0x000001ea13aed208 code [0x000001ea13aed340, 0x000001ea13aed5a0]
Event: 14.498 Thread 0x000001ea1b38c300 5868       1       org.springframework.beans.factory.support.DefaultListableBeanFactory::findAnnotationOnBean (8 bytes)
Event: 14.498 Thread 0x000001ea1b38c300 nmethod 5868 0x000001ea13aed608 code [0x000001ea13aed720, 0x000001ea13aed830]
Event: 14.499 Thread 0x000001ea1b38c300 5869   !   1       jdk.proxy2.$Proxy55::annotationType (28 bytes)
Event: 14.499 Thread 0x000001ea1b38c300 nmethod 5869 0x000001ea13aed908 code [0x000001ea13aeda40, 0x000001ea13aedca0]
Event: 14.501 Thread 0x000001ea1b38c300 5870       1       org.springframework.beans.factory.support.DefaultListableBeanFactory::getBeanNamesForType (101 bytes)
Event: 14.502 Thread 0x000001ea1b38c300 nmethod 5870 0x000001ea13aedd08 code [0x000001ea13aedea0, 0x000001ea13aee370]
Event: 37.288 Thread 0x000001ea13180960 5871       1       java.util.concurrent.locks.ReentrantReadWriteLock::readLock (5 bytes)
Event: 37.288 Thread 0x000001ea13180960 nmethod 5871 0x000001ea13343388 code [0x000001ea13343480, 0x000001ea13343548]
Event: 37.294 Thread 0x000001ea13180960 5872       1       java.util.regex.Pattern$BitClass::is (22 bytes)
Event: 37.294 Thread 0x000001ea13180960 nmethod 5872 0x000001ea13343088 code [0x000001ea133431a0, 0x000001ea133432b8]
Event: 37.363 Thread 0x000001ea13180960 5873       1       java.io.StreamTokenizer::read (38 bytes)
Event: 37.363 Thread 0x000001ea13180960 nmethod 5873 0x000001ea13342d08 code [0x000001ea13342e60, 0x000001ea13343060]
Event: 37.375 Thread 0x000001ea13180960 5874       1       java.lang.Class::getConstructor (13 bytes)
Event: 37.375 Thread 0x000001ea13180960 nmethod 5874 0x000001ea13342908 code [0x000001ea13342a40, 0x000001ea13342c68]

GC Heap History (20 events):
Event: 7.223 GC heap before
{Heap before GC invocations=5 (full 0):
 garbage-first heap   total reserved 2072576K, committed 51200K, used 36428K [0x0000000081800000, 0x0000000100000000)
  region size 1024K, 22 young (22528K), 2 survivors (2048K)
 Metaspace       used 29669K, committed 29952K, reserved 1114112K
  class space    used 3018K, committed 3136K, reserved 1048576K
}
Event: 7.233 GC heap after
{Heap after GC invocations=6 (full 0):
 garbage-first heap   total reserved 2072576K, committed 51200K, used 18469K [0x0000000081800000, 0x0000000100000000)
  region size 1024K, 3 young (3072K), 3 survivors (3072K)
 Metaspace       used 29669K, committed 29952K, reserved 1114112K
  class space    used 3018K, committed 3136K, reserved 1048576K
}
Event: 8.097 GC heap before
{Heap before GC invocations=6 (full 0):
 garbage-first heap   total reserved 2072576K, committed 51200K, used 38949K [0x0000000081800000, 0x0000000100000000)
  region size 1024K, 23 young (23552K), 3 survivors (3072K)
 Metaspace       used 32308K, committed 32704K, reserved 1114112K
  class space    used 3398K, committed 3584K, reserved 1048576K
}
Event: 8.110 GC heap after
{Heap after GC invocations=7 (full 0):
 garbage-first heap   total reserved 2072576K, committed 51200K, used 20089K [0x0000000081800000, 0x0000000100000000)
  region size 1024K, 3 young (3072K), 3 survivors (3072K)
 Metaspace       used 32308K, committed 32704K, reserved 1114112K
  class space    used 3398K, committed 3584K, reserved 1048576K
}
Event: 8.771 GC heap before
{Heap before GC invocations=7 (full 0):
 garbage-first heap   total reserved 2072576K, committed 51200K, used 40569K [0x0000000081800000, 0x0000000100000000)
  region size 1024K, 23 young (23552K), 3 survivors (3072K)
 Metaspace       used 35015K, committed 35456K, reserved 1114112K
  class space    used 3708K, committed 3904K, reserved 1048576K
}
Event: 8.783 GC heap after
{Heap after GC invocations=8 (full 0):
 garbage-first heap   total reserved 2072576K, committed 61440K, used 22150K [0x0000000081800000, 0x0000000100000000)
  region size 1024K, 2 young (2048K), 2 survivors (2048K)
 Metaspace       used 35015K, committed 35456K, reserved 1114112K
  class space    used 3708K, committed 3904K, reserved 1048576K
}
Event: 8.861 GC heap before
{Heap before GC invocations=8 (full 0):
 garbage-first heap   total reserved 2072576K, committed 61440K, used 24198K [0x0000000081800000, 0x0000000100000000)
  region size 1024K, 5 young (5120K), 2 survivors (2048K)
 Metaspace       used 35636K, committed 36096K, reserved 1114112K
  class space    used 3758K, committed 3968K, reserved 1048576K
}
Event: 8.867 GC heap after
{Heap after GC invocations=9 (full 0):
 garbage-first heap   total reserved 2072576K, committed 61440K, used 22230K [0x0000000081800000, 0x0000000100000000)
  region size 1024K, 2 young (2048K), 2 survivors (2048K)
 Metaspace       used 35636K, committed 36096K, reserved 1114112K
  class space    used 3758K, committed 3968K, reserved 1048576K
}
Event: 9.921 GC heap before
{Heap before GC invocations=10 (full 0):
 garbage-first heap   total reserved 2072576K, committed 61440K, used 50902K [0x0000000081800000, 0x0000000100000000)
  region size 1024K, 30 young (30720K), 2 survivors (2048K)
 Metaspace       used 41755K, committed 42240K, reserved 1114112K
  class space    used 4440K, committed 4608K, reserved 1048576K
}
Event: 9.928 GC heap after
{Heap after GC invocations=11 (full 0):
 garbage-first heap   total reserved 2072576K, committed 61440K, used 23217K [0x0000000081800000, 0x0000000100000000)
  region size 1024K, 3 young (3072K), 3 survivors (3072K)
 Metaspace       used 41755K, committed 42240K, reserved 1114112K
  class space    used 4440K, committed 4608K, reserved 1048576K
}
Event: 10.952 GC heap before
{Heap before GC invocations=11 (full 0):
 garbage-first heap   total reserved 2072576K, committed 61440K, used 51889K [0x0000000081800000, 0x0000000100000000)
  region size 1024K, 31 young (31744K), 3 survivors (3072K)
 Metaspace       used 48648K, committed 49152K, reserved 1114112K
  class space    used 5108K, committed 5312K, reserved 1048576K
}
Event: 10.963 GC heap after
{Heap after GC invocations=12 (full 0):
 garbage-first heap   total reserved 2072576K, committed 61440K, used 25853K [0x0000000081800000, 0x0000000100000000)
  region size 1024K, 4 young (4096K), 4 survivors (4096K)
 Metaspace       used 48648K, committed 49152K, reserved 1114112K
  class space    used 5108K, committed 5312K, reserved 1048576K
}
Event: 11.909 GC heap before
{Heap before GC invocations=12 (full 0):
 garbage-first heap   total reserved 2072576K, committed 61440K, used 52477K [0x0000000081800000, 0x0000000100000000)
  region size 1024K, 30 young (30720K), 4 survivors (4096K)
 Metaspace       used 55836K, committed 56320K, reserved 1114112K
  class space    used 5888K, committed 6080K, reserved 1048576K
}
Event: 11.922 GC heap after
{Heap after GC invocations=13 (full 0):
 garbage-first heap   total reserved 2072576K, committed 61440K, used 27238K [0x0000000081800000, 0x0000000100000000)
  region size 1024K, 2 young (2048K), 2 survivors (2048K)
 Metaspace       used 55836K, committed 56320K, reserved 1114112K
  class space    used 5888K, committed 6080K, reserved 1048576K
}
Event: 13.086 GC heap before
{Heap before GC invocations=13 (full 0):
 garbage-first heap   total reserved 2072576K, committed 61440K, used 52838K [0x0000000081800000, 0x0000000100000000)
  region size 1024K, 27 young (27648K), 2 survivors (2048K)
 Metaspace       used 59956K, committed 60480K, reserved 1114112K
  class space    used 6431K, committed 6656K, reserved 1048576K
}
Event: 13.091 GC heap after
{Heap after GC invocations=14 (full 0):
 garbage-first heap   total reserved 2072576K, committed 61440K, used 27899K [0x0000000081800000, 0x0000000100000000)
  region size 1024K, 2 young (2048K), 2 survivors (2048K)
 Metaspace       used 59956K, committed 60480K, reserved 1114112K
  class space    used 6431K, committed 6656K, reserved 1048576K
}
Event: 13.145 GC heap before
{Heap before GC invocations=14 (full 0):
 garbage-first heap   total reserved 2072576K, committed 61440K, used 28923K [0x0000000081800000, 0x0000000100000000)
  region size 1024K, 4 young (4096K), 2 survivors (2048K)
 Metaspace       used 60233K, committed 60736K, reserved 1114112K
  class space    used 6465K, committed 6720K, reserved 1048576K
}
Event: 13.150 GC heap after
{Heap after GC invocations=15 (full 0):
 garbage-first heap   total reserved 2072576K, committed 61440K, used 27904K [0x0000000081800000, 0x0000000100000000)
  region size 1024K, 2 young (2048K), 2 survivors (2048K)
 Metaspace       used 60233K, committed 60736K, reserved 1114112K
  class space    used 6465K, committed 6720K, reserved 1048576K
}
Event: 14.297 GC heap before
{Heap before GC invocations=16 (full 0):
 garbage-first heap   total reserved 2072576K, committed 61440K, used 55552K [0x0000000081800000, 0x0000000100000000)
  region size 1024K, 29 young (29696K), 2 survivors (2048K)
 Metaspace       used 64235K, committed 64768K, reserved 1114112K
  class space    used 6925K, committed 7168K, reserved 1048576K
}
Event: 14.309 GC heap after
{Heap after GC invocations=17 (full 0):
 garbage-first heap   total reserved 2072576K, committed 61440K, used 29688K [0x0000000081800000, 0x0000000100000000)
  region size 1024K, 4 young (4096K), 4 survivors (4096K)
 Metaspace       used 64235K, committed 64768K, reserved 1114112K
  class space    used 6925K, committed 7168K, reserved 1048576K
}

Dll operation events (13 events):
Event: 0.059 Loaded shared library C:\Users\HP\.jdks\openjdk-24\bin\java.dll
Event: 0.061 Loaded shared library C:\Users\HP\.jdks\openjdk-24\bin\zip.dll
Event: 0.675 Loaded shared library C:\Users\HP\.jdks\openjdk-24\bin\instrument.dll
Event: 0.923 Loaded shared library C:\Users\HP\.jdks\openjdk-24\bin\jimage.dll
Event: 0.973 Loaded shared library C:\Users\HP\.jdks\openjdk-24\bin\net.dll
Event: 0.975 Loaded shared library C:\Users\HP\.jdks\openjdk-24\bin\nio.dll
Event: 1.003 Loaded shared library C:\Users\HP\.jdks\openjdk-24\bin\zip.dll
Event: 1.240 Loaded shared library C:\Users\HP\.jdks\openjdk-24\bin\management.dll
Event: 1.331 Loaded shared library C:\Users\HP\.jdks\openjdk-24\bin\management_ext.dll
Event: 2.428 Loaded shared library C:\Users\HP\.jdks\openjdk-24\bin\extnet.dll
Event: 5.199 Loaded shared library C:\Users\HP\.jdks\openjdk-24\bin\sunmscapi.dll
Event: 9.542 Loaded shared library C:\Users\HP\.jdks\openjdk-24\bin\verify.dll
Event: 37.281 Loaded shared library C:\Users\HP\AppData\Local\Temp\idea_libasyncProfiler_dll_temp_folder10\libasyncProfiler.dll

Deoptimization events (20 events):
Event: 14.443 Thread 0x000001ea0830e140 DEOPT PACKING pc=0x000001ea138162f4 sp=0x00000066193fa3a0
Event: 14.443 Thread 0x000001ea0830e140 DEOPT UNPACKING pc=0x000001ea131f5722 sp=0x00000066193f98c0 mode 1
Event: 14.466 Thread 0x000001ea0830e140 DEOPT PACKING pc=0x000001ea138162f4 sp=0x00000066193fbb50
Event: 14.466 Thread 0x000001ea0830e140 DEOPT UNPACKING pc=0x000001ea131f5722 sp=0x00000066193fb070 mode 1
Event: 14.466 Thread 0x000001ea0830e140 DEOPT PACKING pc=0x000001ea138162f4 sp=0x00000066193fbb50
Event: 14.466 Thread 0x000001ea0830e140 DEOPT UNPACKING pc=0x000001ea131f5722 sp=0x00000066193fb070 mode 1
Event: 14.492 Thread 0x000001ea0830e140 DEOPT PACKING pc=0x000001ea138162f4 sp=0x00000066193fa980
Event: 14.492 Thread 0x000001ea0830e140 DEOPT UNPACKING pc=0x000001ea131f5722 sp=0x00000066193f9ea0 mode 1
Event: 14.492 Thread 0x000001ea0830e140 DEOPT PACKING pc=0x000001ea138162f4 sp=0x00000066193fa980
Event: 14.492 Thread 0x000001ea0830e140 DEOPT UNPACKING pc=0x000001ea131f5722 sp=0x00000066193f9ea0 mode 1
Event: 14.496 Thread 0x000001ea0830e140 DEOPT PACKING pc=0x000001ea138162f4 sp=0x00000066193fbcd0
Event: 14.496 Thread 0x000001ea0830e140 DEOPT UNPACKING pc=0x000001ea131f5722 sp=0x00000066193fb1f0 mode 1
Event: 14.496 Thread 0x000001ea0830e140 DEOPT PACKING pc=0x000001ea138162f4 sp=0x00000066193fbcd0
Event: 14.496 Thread 0x000001ea0830e140 DEOPT UNPACKING pc=0x000001ea131f5722 sp=0x00000066193fb1f0 mode 1
Event: 37.213 Thread 0x000001ea0830e140 DEOPT PACKING pc=0x000001ea13587f51 sp=0x00000066193fa210
Event: 37.213 Thread 0x000001ea0830e140 DEOPT UNPACKING pc=0x000001ea131f5722 sp=0x00000066193f96b8 mode 1
Event: 37.213 Thread 0x000001ea0830e140 DEOPT PACKING pc=0x000001ea13587b8c sp=0x00000066193fa270
Event: 37.213 Thread 0x000001ea0830e140 DEOPT UNPACKING pc=0x000001ea131f5722 sp=0x00000066193f9718 mode 1
Event: 37.213 Thread 0x000001ea0830e140 DEOPT PACKING pc=0x000001ea135d286c sp=0x00000066193fabe0
Event: 37.213 Thread 0x000001ea0830e140 DEOPT UNPACKING pc=0x000001ea131f5722 sp=0x00000066193fa090 mode 1

Classes loaded (20 events):
Event: 37.369 Loading class java/lang/Class$Holder
Event: 37.369 Loading class java/lang/Class$Holder done
Event: 37.370 Loading class java/security/AllPermissionCollection
Event: 37.370 Loading class java/security/AllPermissionCollection done
Event: 37.370 Loading class java/security/UnresolvedPermission
Event: 37.371 Loading class java/security/UnresolvedPermission done
Event: 37.371 Loading class javax/crypto/ProviderVerifier
Event: 37.371 Loading class javax/crypto/ProviderVerifier done
Event: 37.372 Loading class com/sun/crypto/provider/PBKDF2Core$HmacSHA256
Event: 37.372 Loading class com/sun/crypto/provider/PBKDF2Core
Event: 37.373 Loading class javax/crypto/SecretKeyFactorySpi
Event: 37.373 Loading class javax/crypto/SecretKeyFactorySpi done
Event: 37.373 Loading class com/sun/crypto/provider/PBKDF2Core done
Event: 37.373 Loading class com/sun/crypto/provider/PBKDF2Core$HmacSHA256 done
Event: 37.373 Loading class org/springframework/security/crypto/scrypt/SCryptPasswordEncoder
Event: 37.373 Loading class org/springframework/security/crypto/scrypt/SCryptPasswordEncoder done
Event: 37.375 Loading class org/springframework/security/crypto/password/StandardPasswordEncoder
Event: 37.375 Loading class org/springframework/security/crypto/password/StandardPasswordEncoder done
Event: 37.376 Loading class org/springframework/security/crypto/argon2/Argon2PasswordEncoder
Event: 37.376 Loading class org/springframework/security/crypto/argon2/Argon2PasswordEncoder done

Classes unloaded (0 events):
No events

Classes redefined (1 events):
Event: 0.837 Thread 0x000001ea13160990 redefined class name=java.lang.Throwable, count=1

Internal exceptions (20 events):
Event: 13.082 Thread 0x000001ea0830e140 Exception <a 'java/io/IOException'{0x0000000083adff68}> (0x0000000083adff68) 
thrown [s\open\src\hotspot\share\prims\jni.cpp, line 518]
Event: 13.084 Thread 0x000001ea0830e140 Exception <a 'java/io/IOException'{0x0000000083aec110}> (0x0000000083aec110) 
thrown [s\open\src\hotspot\share\prims\jni.cpp, line 518]
Event: 13.086 Thread 0x000001ea0830e140 Exception <a 'java/io/IOException'{0x0000000083af8138}> (0x0000000083af8138) 
thrown [s\open\src\hotspot\share\prims\jni.cpp, line 518]
Event: 13.093 Thread 0x000001ea0830e140 Exception <a 'java/io/IOException'{0x00000000fff044b0}> (0x00000000fff044b0) 
thrown [s\open\src\hotspot\share\prims\jni.cpp, line 518]
Event: 13.330 Thread 0x000001ea0830e140 Exception <a 'java/lang/NoSuchMethodError'{0x00000000897300f8}: 'java.lang.Object java.lang.invoke.DirectMethodHandle$Holder.invokeSpecial(java.lang.Object, java.lang.Object, int, java.lang.Object, int)'> (0x00000000897300f8) 
thrown [s\open\src\hotspot\share\interpreter\linkResolver.cpp, line 805]
Event: 13.331 Thread 0x000001ea0830e140 Exception <a 'java/lang/NoSuchMethodError'{0x0000000089739428}: 'java.lang.Object java.lang.invoke.DirectMethodHandle$Holder.invokeSpecial(java.lang.Object, java.lang.Object, java.lang.Object, int, java.lang.Object, int)'> (0x0000000089739428) 
thrown [s\open\src\hotspot\share\interpreter\linkResolver.cpp, line 805]
Event: 13.331 Thread 0x000001ea0830e140 Exception <a 'java/lang/NoSuchMethodError'{0x0000000089742180}: 'java.lang.Object java.lang.invoke.DelegatingMethodHandle$Holder.reinvoke_L(java.lang.Object, java.lang.Object, int, java.lang.Object, int)'> (0x0000000089742180) 
thrown [s\open\src\hotspot\share\interpreter\linkResolver.cpp, line 805]
Event: 13.448 Thread 0x000001ea0830e140 Exception <a 'java/lang/IncompatibleClassChangeError'{0x0000000084b7b3a0}: Found class java.lang.Object, but interface was expected> (0x0000000084b7b3a0) 
thrown [s\open\src\hotspot\share\interpreter\linkResolver.cpp, line 872]
Event: 13.542 Thread 0x000001ea0830e140 Exception <a 'java/io/IOException'{0x000000008493f660}> (0x000000008493f660) 
thrown [s\open\src\hotspot\share\prims\jni.cpp, line 518]
Event: 13.546 Thread 0x000001ea0830e140 Exception <a 'java/io/IOException'{0x00000000849488d0}> (0x00000000849488d0) 
thrown [s\open\src\hotspot\share\prims\jni.cpp, line 518]
Event: 13.548 Thread 0x000001ea0830e140 Exception <a 'java/lang/IncompatibleClassChangeError'{0x00000000849505c0}: Found class java.lang.Object, but interface was expected> (0x00000000849505c0) 
thrown [s\open\src\hotspot\share\interpreter\linkResolver.cpp, line 872]
Event: 13.866 Thread 0x000001ea0830e140 Exception <a 'java/lang/IncompatibleClassChangeError'{0x0000000083f6d8f0}: Found class java.lang.Object, but interface was expected> (0x0000000083f6d8f0) 
thrown [s\open\src\hotspot\share\interpreter\linkResolver.cpp, line 872]
Event: 14.034 Thread 0x000001ea0830e140 Exception <a 'java/lang/IncompatibleClassChangeError'{0x0000000083b907f8}: Found class java.lang.Object, but interface was expected> (0x0000000083b907f8) 
thrown [s\open\src\hotspot\share\interpreter\linkResolver.cpp, line 872]
Event: 14.035 Thread 0x000001ea0830e140 Exception <a 'java/lang/IncompatibleClassChangeError'{0x0000000083ba0c28}: Found class java.lang.Object, but interface was expected> (0x0000000083ba0c28) 
thrown [s\open\src\hotspot\share\interpreter\linkResolver.cpp, line 872]
Event: 14.148 Thread 0x000001ea0830e140 Exception <a 'java/lang/NoSuchMethodError'{0x000000008398b108}: 'java.lang.Object java.lang.invoke.DirectMethodHandle$Holder.invokeStatic(java.lang.Object, int, java.lang.Object)'> (0x000000008398b108) 
thrown [s\open\src\hotspot\share\interpreter\linkResolver.cpp, line 805]
Event: 14.208 Thread 0x000001ea0830e140 Exception <a 'java/io/IOException'{0x00000000838cb4e0}> (0x00000000838cb4e0) 
thrown [s\open\src\hotspot\share\prims\jni.cpp, line 518]
Event: 14.320 Thread 0x000001ea0830e140 Exception <a 'java/lang/NoSuchMethodError'{0x00000000fff2b840}: 'long java.lang.invoke.DirectMethodHandle$Holder.invokeVirtual(java.lang.Object, java.lang.Object)'> (0x00000000fff2b840) 
thrown [s\open\src\hotspot\share\interpreter\linkResolver.cpp, line 805]
Event: 14.368 Thread 0x000001ea0830e140 Exception <a 'java/lang/NoSuchMethodError'{0x00000000897853d0}: 'void java.lang.invoke.Invokers$Holder.invokeExact_MT(java.lang.Object, java.lang.Object, java.lang.Object, java.lang.Object)'> (0x00000000897853d0) 
thrown [s\open\src\hotspot\share\interpreter\linkResolver.cpp, line 805]
Event: 14.425 Thread 0x000001ea0830e140 Exception <a 'java/lang/NoSuchMethodError'{0x00000000863fe8f0}: 'java.lang.Object java.lang.invoke.DirectMethodHandle$Holder.newInvokeSpecial(java.lang.Object, java.lang.Object, java.lang.Object, java.lang.Object, java.lang.Object, java.lang.Object, java.lang.Object, java.lang.Object)'> (0x00000000863fe8f0) 
thrown [s\open\src\hotspot\share\interpreter\linkResolver.cpp, line 805]
Event: 37.287 Thread 0x000001ea0830e140 Exception <a 'sun/nio/fs/WindowsException'{0x00000000860f9de8}> (0x00000000860f9de8) 
thrown [s\open\src\hotspot\share\prims\jni.cpp, line 518]

VM Operations (20 events):
Event: 14.334 Executing VM operation: HandshakeAllThreads (Deoptimize)
Event: 14.334 Executing VM operation: HandshakeAllThreads (Deoptimize) done
Event: 14.651 Executing VM operation: get/set locals
Event: 14.651 Executing VM operation: get/set locals done
Event: 17.589 Executing VM operation: ChangeBreakpoints
Event: 17.589 Executing VM operation: ChangeBreakpoints done
Event: 18.491 Executing VM operation: ChangeBreakpoints
Event: 18.491 Executing VM operation: ChangeBreakpoints done
Event: 19.599 Executing VM operation: ChangeBreakpoints
Event: 19.599 Executing VM operation: ChangeBreakpoints done
Event: 20.532 Executing VM operation: ChangeBreakpoints
Event: 20.532 Executing VM operation: ChangeBreakpoints done
Event: 26.720 Executing VM operation: ChangeBreakpoints
Event: 26.720 Executing VM operation: ChangeBreakpoints done
Event: 37.282 Executing VM operation: HandshakeAllThreads (Deoptimize)
Event: 37.282 Executing VM operation: HandshakeAllThreads (Deoptimize) done
Event: 37.290 Executing VM operation: HandshakeAllThreads (Deoptimize)
Event: 37.293 Executing VM operation: HandshakeAllThreads (Deoptimize) done
Event: 37.367 Executing VM operation: HandshakeAllThreads (Deoptimize)
Event: 37.367 Executing VM operation: HandshakeAllThreads (Deoptimize) done

Memory protections (0 events):
No events

Nmethod flushes (20 events):
Event: 13.214 Thread 0x000001ea13160990 flushing  nmethod 0x000001ea1344a408
Event: 13.214 Thread 0x000001ea13160990 flushing  nmethod 0x000001ea134e9f08
Event: 13.214 Thread 0x000001ea13160990 flushing  nmethod 0x000001ea135d0888
Event: 13.214 Thread 0x000001ea13160990 flushing  nmethod 0x000001ea1367d608
Event: 13.214 Thread 0x000001ea13160990 flushing  nmethod 0x000001ea1369b108
Event: 13.214 Thread 0x000001ea13160990 flushing  nmethod 0x000001ea1373b708
Event: 13.214 Thread 0x000001ea13160990 flushing  nmethod 0x000001ea13746a08
Event: 13.214 Thread 0x000001ea13160990 flushing  nmethod 0x000001ea1378a108
Event: 13.214 Thread 0x000001ea13160990 flushing  nmethod 0x000001ea137a4e08
Event: 13.214 Thread 0x000001ea13160990 flushing  nmethod 0x000001ea137adc88
Event: 13.214 Thread 0x000001ea13160990 flushing  nmethod 0x000001ea137b4988
Event: 13.214 Thread 0x000001ea13160990 flushing  nmethod 0x000001ea137d0888
Event: 13.214 Thread 0x000001ea13160990 flushing  nmethod 0x000001ea137d0c08
Event: 13.214 Thread 0x000001ea13160990 flushing  nmethod 0x000001ea137dc808
Event: 13.214 Thread 0x000001ea13160990 flushing  nmethod 0x000001ea137f4788
Event: 13.214 Thread 0x000001ea13160990 flushing  nmethod 0x000001ea137f5688
Event: 13.214 Thread 0x000001ea13160990 flushing  nmethod 0x000001ea137f6e08
Event: 13.214 Thread 0x000001ea13160990 flushing  nmethod 0x000001ea13823e08
Event: 13.214 Thread 0x000001ea13160990 flushing  nmethod 0x000001ea13857f88
Event: 13.214 Thread 0x000001ea13160990 flushing  nmethod 0x000001ea138a7188

Events (20 events):
Event: 0.441 Thread 0x000001ea0830e140 Thread added: 0x000001ea1b48d650
Event: 0.442 Thread 0x000001ea0830e140 Thread added: 0x000001ea1b4b3dc0
Event: 0.443 Thread 0x000001ea1b48d650 Thread added: 0x000001ea1b491720
Event: 0.844 Thread 0x000001ea0830e140 Thread added: 0x000001ea1b535450
Event: 0.859 Thread 0x000001ea0830e140 Thread added: 0x000001ea1b693070
Event: 1.058 Thread 0x000001ea1b38c300 Thread added: 0x000001ea1b7cc4d0
Event: 2.435 Thread 0x000001ea0830e140 Thread added: 0x000001ea61a83ef0
Event: 4.224 Thread 0x000001ea0830e140 Thread added: 0x000001ea61bb7490
Event: 5.211 Thread 0x000001ea61bb7490 Thread exited: 0x000001ea61bb7490
Event: 5.278 Thread 0x000001ea0830e140 Thread added: 0x000001ea62f2bc20
Event: 5.357 Thread 0x000001ea62f2bc20 Thread exited: 0x000001ea62f2bc20
Event: 8.671 Thread 0x000001ea0830e140 Thread added: 0x000001ea1b608db0
Event: 10.323 Thread 0x000001ea0830e140 Thread added: 0x000001ea64321490
Event: 10.429 Thread 0x000001ea64321490 Thread added: 0x000001ea64321be0
Event: 14.342 Thread 0x000001ea0830e140 Thread added: 0x000001ea65ed2ed0
Event: 14.345 Thread 0x000001ea65ed2ed0 Thread added: 0x000001ea65ed2780
Event: 14.353 Thread 0x000001ea0830e140 Thread added: 0x000001ea65ed70a0
Event: 19.502 Thread 0x000001ea1b7cc4d0 Thread exited: 0x000001ea1b7cc4d0
Event: 19.502 Thread 0x000001ea1b38c300 Thread exited: 0x000001ea1b38c300
Event: 37.248 Thread 0x000001ea64321be0 Thread exited: 0x000001ea64321be0


Dynamic libraries:
0x00007ff6b98d0000 - 0x00007ff6b98de000 	C:\Users\HP\.jdks\openjdk-24\bin\java.exe
0x00007ffdaa690000 - 0x00007ffdaa888000 	C:\Windows\SYSTEM32\ntdll.dll
0x00007ffda8a10000 - 0x00007ffda8ad2000 	C:\Windows\System32\KERNEL32.DLL
0x00007ffda8210000 - 0x00007ffda8506000 	C:\Windows\System32\KERNELBASE.dll
0x00007ffda85c0000 - 0x00007ffda86c0000 	C:\Windows\System32\ucrtbase.dll
0x00007ffda4ab0000 - 0x00007ffda4ac6000 	C:\Users\HP\.jdks\openjdk-24\bin\jli.dll
0x00007ffda9f40000 - 0x00007ffdaa0dd000 	C:\Windows\System32\USER32.dll
0x00007ffda8510000 - 0x00007ffda8532000 	C:\Windows\System32\win32u.dll
0x00007ffda8b50000 - 0x00007ffda8b7b000 	C:\Windows\System32\GDI32.dll
0x00007ffda80f0000 - 0x00007ffda820a000 	C:\Windows\System32\gdi32full.dll
0x00007ffda7dc0000 - 0x00007ffda7e5d000 	C:\Windows\System32\msvcp_win.dll
0x00007ffd937d0000 - 0x00007ffd93a6a000 	C:\Windows\WinSxS\amd64_microsoft.windows.common-controls_6595b64144ccf1df_6.0.19041.5794_none_60bcd33171f2783c\COMCTL32.dll
0x00007ffda9d80000 - 0x00007ffda9e1e000 	C:\Windows\System32\msvcrt.dll
0x00007ffda3670000 - 0x00007ffda368b000 	C:\Users\HP\.jdks\openjdk-24\bin\VCRUNTIME140.dll
0x00007ffda8740000 - 0x00007ffda876f000 	C:\Windows\System32\IMM32.DLL
0x00007ffda4ae0000 - 0x00007ffda4aec000 	C:\Users\HP\.jdks\openjdk-24\bin\vcruntime140_1.dll
0x00007ffd6f980000 - 0x00007ffd6fa0e000 	C:\Users\HP\.jdks\openjdk-24\bin\msvcp140.dll
0x00007ffd54d80000 - 0x00007ffd55b22000 	C:\Users\HP\.jdks\openjdk-24\bin\server\jvm.dll
0x00007ffda9390000 - 0x00007ffda943f000 	C:\Windows\System32\ADVAPI32.dll
0x00007ffda9bd0000 - 0x00007ffda9c6f000 	C:\Windows\System32\sechost.dll
0x00007ffdaa4c0000 - 0x00007ffdaa5e3000 	C:\Windows\System32\RPCRT4.dll
0x00007ffda7f60000 - 0x00007ffda7f87000 	C:\Windows\System32\bcrypt.dll
0x00007ffda8ae0000 - 0x00007ffda8b4b000 	C:\Windows\System32\WS2_32.dll
0x00007ffda7b90000 - 0x00007ffda7bdb000 	C:\Windows\SYSTEM32\POWRPROF.dll
0x00007ffda2c80000 - 0x00007ffda2ca7000 	C:\Windows\SYSTEM32\WINMM.dll
0x00007ffd9f330000 - 0x00007ffd9f33a000 	C:\Windows\SYSTEM32\VERSION.dll
0x00007ffda7b70000 - 0x00007ffda7b82000 	C:\Windows\SYSTEM32\UMPDC.dll
0x00007ffda5bb0000 - 0x00007ffda5bc2000 	C:\Windows\SYSTEM32\kernel.appcore.dll
0x00007ffda1f20000 - 0x00007ffda1f2a000 	C:\Users\HP\.jdks\openjdk-24\bin\jimage.dll
0x00007ffd93130000 - 0x00007ffd93331000 	C:\Windows\SYSTEM32\DBGHELP.DLL
0x00007ffd8f520000 - 0x00007ffd8f554000 	C:\Windows\SYSTEM32\dbgcore.DLL
0x00007ffda7d30000 - 0x00007ffda7db2000 	C:\Windows\System32\bcryptPrimitives.dll
0x00007ffd6f330000 - 0x00007ffd6f36c000 	C:\Users\HP\.jdks\openjdk-24\bin\jdwp.dll
0x00007ffda1ec0000 - 0x00007ffda1ecf000 	C:\Users\HP\.jdks\openjdk-24\bin\instrument.dll
0x00007ffda1d40000 - 0x00007ffda1d5e000 	C:\Users\HP\.jdks\openjdk-24\bin\java.dll
0x00007ffda8d40000 - 0x00007ffda8e6b000 	C:\Windows\System32\ole32.dll
0x00007ffdaa0e0000 - 0x00007ffdaa433000 	C:\Windows\System32\combase.dll
0x00007ffda9460000 - 0x00007ffda9bce000 	C:\Windows\System32\SHELL32.dll
0x00007ffd80540000 - 0x00007ffd80738000 	C:\Users\HP\AppData\Local\Temp\idea_libasyncProfiler_dll_temp_folder10\libasyncProfiler.dll
0x00007ffda18a0000 - 0x00007ffda18b7000 	C:\Users\HP\.jdks\openjdk-24\bin\zip.dll
0x00007ffda5db0000 - 0x00007ffda6553000 	C:\Windows\SYSTEM32\windows.storage.dll
0x00007ffda7690000 - 0x00007ffda76bb000 	C:\Windows\SYSTEM32\Wldp.dll
0x00007ffda8770000 - 0x00007ffda883d000 	C:\Windows\System32\OLEAUT32.dll
0x00007ffda8e70000 - 0x00007ffda8f1d000 	C:\Windows\System32\SHCORE.dll
0x00007ffda86e0000 - 0x00007ffda8735000 	C:\Windows\System32\shlwapi.dll
0x00007ffda7c60000 - 0x00007ffda7c85000 	C:\Windows\SYSTEM32\profapi.dll
0x00007ffda1eb0000 - 0x00007ffda1ebc000 	C:\Users\HP\.jdks\openjdk-24\bin\dt_socket.dll
0x00007ffda70d0000 - 0x00007ffda710b000 	C:\Windows\SYSTEM32\IPHLPAPI.DLL
0x00007ffda73f0000 - 0x00007ffda745c000 	C:\Windows\system32\mswsock.dll
0x00007ffda1e10000 - 0x00007ffda1e20000 	C:\Users\HP\.jdks\openjdk-24\bin\net.dll
0x00007ffda0fd0000 - 0x00007ffda0fe6000 	C:\Users\HP\.jdks\openjdk-24\bin\nio.dll
0x00007ffda7110000 - 0x00007ffda71da000 	C:\Windows\SYSTEM32\DNSAPI.dll
0x00007ffda8d30000 - 0x00007ffda8d38000 	C:\Windows\System32\NSI.dll
0x00007ffd99000000 - 0x00007ffd9900a000 	C:\Windows\System32\rasadhlp.dll
0x00007ffd994f0000 - 0x00007ffd99570000 	C:\Windows\System32\fwpuclnt.dll
0x00007ffd99f50000 - 0x00007ffd99f5a000 	C:\Users\HP\.jdks\openjdk-24\bin\management.dll
0x00007ffd99e80000 - 0x00007ffd99e8b000 	C:\Users\HP\.jdks\openjdk-24\bin\management_ext.dll
0x00007ffda9440000 - 0x00007ffda9448000 	C:\Windows\System32\PSAPI.DLL
0x00007ffda75f0000 - 0x00007ffda7608000 	C:\Windows\SYSTEM32\CRYPTSP.dll
0x00007ffda6d10000 - 0x00007ffda6d48000 	C:\Windows\system32\rsaenh.dll
0x00007ffda7c20000 - 0x00007ffda7c4e000 	C:\Windows\SYSTEM32\USERENV.dll
0x00007ffda75e0000 - 0x00007ffda75ec000 	C:\Windows\SYSTEM32\CRYPTBASE.dll
0x00007ffd84cf0000 - 0x00007ffd84d07000 	C:\Windows\system32\napinsp.dll
0x00007ffd84cd0000 - 0x00007ffd84ceb000 	C:\Windows\system32\pnrpnsp.dll
0x00007ffd8c2b0000 - 0x00007ffd8c2cd000 	C:\Windows\system32\wshbth.dll
0x00007ffda4250000 - 0x00007ffda426d000 	C:\Windows\system32\NLAapi.dll
0x00007ffd84cb0000 - 0x00007ffd84cc2000 	C:\Windows\System32\winrnr.dll
0x00007ffd99e70000 - 0x00007ffd99e79000 	C:\Users\HP\.jdks\openjdk-24\bin\extnet.dll
0x00007ffd933a0000 - 0x00007ffd933ae000 	C:\Users\HP\.jdks\openjdk-24\bin\sunmscapi.dll
0x00007ffda7f90000 - 0x00007ffda80ed000 	C:\Windows\System32\CRYPT32.dll
0x00007ffda7700000 - 0x00007ffda7727000 	C:\Windows\SYSTEM32\ncrypt.dll
0x00007ffda76c0000 - 0x00007ffda76fb000 	C:\Windows\SYSTEM32\NTASN1.dll
0x00007ffd93380000 - 0x00007ffd93390000 	C:\Users\HP\.jdks\openjdk-24\bin\verify.dll

dbghelp: loaded successfully - version: 4.0.5 - missing functions: none
symbol engine: initialized successfully - sym options: 0x614 - pdb path: .;C:\Users\HP\.jdks\openjdk-24\bin;C:\Windows\SYSTEM32;C:\Windows\WinSxS\amd64_microsoft.windows.common-controls_6595b64144ccf1df_6.0.19041.5794_none_60bcd33171f2783c;C:\Users\HP\.jdks\openjdk-24\bin\server;C:\Users\HP\AppData\Local\Temp\idea_libasyncProfiler_dll_temp_folder10

VM Arguments:
jvm_args: -agentlib:jdwp=transport=dt_socket,address=127.0.0.1:50176,suspend=y,server=n -javaagent:C:\Users\HP\AppData\Local\JetBrains\IntelliJIdea2025.1\captureAgent\debugger-agent.jar=file:///C:/Users/HP/AppData/Local/Temp/capture10574365340184502700.props -agentpath:C:\Users\HP\AppData\Local\Temp\idea_libasyncProfiler_dll_temp_folder10\libasyncProfiler.dll=version,jfr,event=wall,interval=10ms,cstack=no,file=C:\Users\HP\IdeaSnapshots\GestionDesEpiApplication_2025_05_29_164806.jfr,dbghelppath=C:\Users\HP\AppData\Local\Temp\idea_dbghelp_dll_temp_folder1\dbghelp.dll,log=C:\Users\HP\AppData\Local\Temp\GestionDesEpiApplication_2025_05_29_164806.jfr.log.txt,logLevel=DEBUG -XX:TieredStopAtLevel=1 -Dspring.output.ansi.enabled=always -Dcom.sun.management.jmxremote -Dspring.jmx.enabled=true -Dspring.liveBeansView.mbeanDomain -Dspring.application.admin.enabled=true -Dmanagement.endpoints.jmx.exposure.include=* -Dkotlinx.coroutines.debug.enable.creation.stack.trace=false -Ddebugger.agent.enable.coroutines=true -Dkotlinx.coroutines.debug.enable.flows.stack.trace=true -Dkotlinx.coroutines.debug.enable.mutable.state.flows.stack.trace=true -Dfile.encoding=UTF-8 -Dsun.stdout.encoding=UTF-8 -Dsun.stderr.encoding=UTF-8 
java_command: com.example.gestion_des_epi.GestionDesEpiApplication
java_class_path (initial): C:\Users\HP\Documents\soutenance\gestion-des-epi\back\target\classes;C:\Users\HP\.m2\repository\org\springframework\boot\spring-boot-starter-data-jpa\3.4.5\spring-boot-starter-data-jpa-3.4.5.jar;C:\Users\HP\.m2\repository\org\springframework\boot\spring-boot-starter\3.4.5\spring-boot-starter-3.4.5.jar;C:\Users\HP\.m2\repository\org\springframework\boot\spring-boot\3.4.5\spring-boot-3.4.5.jar;C:\Users\HP\.m2\repository\org\springframework\boot\spring-boot-autoconfigure\3.4.5\spring-boot-autoconfigure-3.4.5.jar;C:\Users\HP\.m2\repository\org\springframework\boot\spring-boot-starter-logging\3.4.5\spring-boot-starter-logging-3.4.5.jar;C:\Users\HP\.m2\repository\ch\qos\logback\logback-classic\1.5.18\logback-classic-1.5.18.jar;C:\Users\HP\.m2\repository\ch\qos\logback\logback-core\1.5.18\logback-core-1.5.18.jar;C:\Users\HP\.m2\repository\org\apache\logging\log4j\log4j-to-slf4j\2.24.3\log4j-to-slf4j-2.24.3.jar;C:\Users\HP\.m2\repository\org\apache\logging\log4j\log4j-api\2.24.3\log4j-api-2.24.3.jar;C:\Users\HP\.m2\repository\org\slf4j\jul-to-slf4j\2.0.17\jul-to-slf4j-2.0.17.jar;C:\Users\HP\.m2\repository\jakarta\annotation\jakarta.annotation-api\2.1.1\jakarta.annotation-api-2.1.1.jar;C:\Users\HP\.m2\repository\org\yaml\snakeyaml\2.3\snakeyaml-2.3.jar;C:\Users\HP\.m2\repository\org\springframework\boot\spring-boot-starter-jdbc\3.4.5\spring-boot-starter-jdbc-3.4.5.jar;C:\Users\HP\.m2\repository\com\zaxxer\HikariCP\5.1.0\HikariCP-5.1.0.jar;C:\Users\HP\.m2\repository\org\springframework\spring-jdbc\6.2.6\spring-jdbc-6.2.6.jar;C:\Users\HP\.m2\repository\org\hibernate\orm\hibernate-core\6.6.13.Final\hibernate-core-6.6.13.Final.jar;C:\Users\HP\.m2\repository\jakarta\persistence\jakarta.persistence-api\3.1.0\jakarta.persistence-api-3.1.0.jar;C:\Users\HP\.m2\repository\jakarta\transaction\jakarta.transaction-api\2.0.1\jakarta.transaction-api-2.0.1.jar;C:\Users\HP\.m2\repository\org\jboss\logging\jboss-logging\3.6.1.Final\jboss-logging-3.6.1.Final.jar;C:\Users\HP\.m2\repository\org\hibernate\common\hibernate-commons-annotations\7.0.3.Final\hibernate-commons-annotations-7.0.3.Final.jar;C:\Users\HP\.m2\repository\io\smallrye\jandex\3.2.0\jandex-3.2.0.jar;C:\Users\HP\.m2\repository\com\fasterxml\classmate\1.7.0\classmate-1.7.0.jar;C:\Users\HP\.m2\repository\net\bytebuddy\byte-buddy\1.15.11\byte-buddy-1.15.11.jar;C:\Users\HP\.m2\repository\org\glassfish\jaxb\jaxb-runtime\4.0.5\jaxb-runtime-4.0.5.jar;C:\Users\HP\.m2\repository\org\glassfish\jaxb\jaxb-core\4.0.5\jaxb-core-4.0.5.jar;C:\Users\HP\.m2\repository\org\glassfish\jaxb\txw2\4.0.5\txw2-4.0.5.jar;C:\Users\HP\.m2\repository\com\sun\istack\istack-commons-runtime\4.1.2\istack-commons-runtime-4.1.2.jar;C:\Users\HP\.m2\repository\jakarta\inject\jakarta.inject-api\2.0.1\jakarta.inject-api-2.0.1.jar;C:\Users\HP\.m2\repository\org\antlr\antlr4-runtime\4.13.0\antlr4-runtime-4.13.0.jar;C:\Users\HP\.m2\repository\org\springframework\data\spring-data-jpa\3.4.5\spring-data-jpa-3.4.5.jar;C:\Users\HP\.m2\repository\org\springframework\data\spring-data-commons\3.4.5\spring-data-commons-3.4.5.jar;C:\Users\HP\.m2\repository\org\springframework\spring-orm\6.2.6\spring-orm-6.2.6.jar;C:\Users\HP\.m2\repository\org\springframework\spring-context\6.2.6\spring-context-6.2.6.jar;C:\Users\HP\.m2\repository\org\springframework\spring-tx\6.2.6\spring-tx-6.2.6.jar;C:\Users\HP\.m2\repository\org\springframework\spring-beans\6.2.6\spring-beans-6.2.6.jar;C:\Users\HP\.m2\repository\org\slf4j\slf4j-api\2.0.17\slf4j-api-2.0.17.jar;C:\Users\HP\.m2\repository\org\springframework\spring-aspects\6.2.6\spring-aspects-6.2.6.jar;C:\Users\HP\.m2\repository\org\aspectj\aspectjweaver\1.9.24\aspectjweaver-1.9.24.jar;C:\Users\HP\.m2\repository\org\springframework\boot\spring-boot-starter-web\3.4.5\spring-boot-starter-web-3.4.5.jar;C:\Users\HP\.m2\repository\org\springframework\boot\spring-boot-starter-json\3.4.5\spring-boot-starter-json-3.4.5.jar;C:\Users\HP\.m2\repository\com\fasterxml\jackson\datatype\jackson-datatype-jdk8\2.18.3\jackson-datatype-jdk8-2.18.3.jar;C:\Users\HP\.m2\repository\com\fasterxml\jackson\datatype\jackson-datatype-jsr310\2.18.3\jackson-datatype-jsr310-2.18.3.jar;C:\Users\HP\.m2\repository\com\fasterxml\jackson\module\jackson-module-parameter-names\2.18.3\jackson-module-parameter-names-2.18.3.jar;C:\Users\HP\.m2\repository\org\springframework\boot\spring-boot-starter-tomcat\3.4.5\spring-boot-starter-tomcat-3.4.5.jar;C:\Users\HP\.m2\repository\org\apache\tomcat\embed\tomcat-embed-core\10.1.40\tomcat-embed-core-10.1.40.jar;C:\Users\HP\.m2\repository\org\apache\tomcat\embed\tomcat-embed-el\10.1.40\tomcat-embed-el-10.1.40.jar;C:\Users\HP\.m2\repository\org\apache\tomcat\embed\tomcat-embed-websocket\10.1.40\tomcat-embed-websocket-10.1.40.jar;C:\Users\HP\.m2\repository\org\springframework\spring-web\6.2.6\spring-web-6.2.6.jar;C:\Users\HP\.m2\repository\io\micrometer\micrometer-observation\1.14.6\micrometer-observation-1.14.6.jar;C:\Users\HP\.m2\repository\io\micrometer\micrometer-commons\1.14.6\micrometer-commons-1.14.6.jar;C:\Users\HP\.m2\repository\org\springframework\spring-webmvc\6.2.6\spring-webmvc-6.2.6.jar;C:\Users\HP\.m2\repository\org\springframework\spring-expression\6.2.6\spring-expression-6.2.6.jar;C:\Users\HP\.m2\repository\com\mysql\mysql-connector-j\9.1.0\mysql-connector-j-9.1.0.jar;C:\Users\HP\.m2\repository\org\projectlombok\lombok\1.18.38\lombok-1.18.38.jar;C:\Users\HP\.m2\repository\jakarta\xml\bind\jakarta.xml.bind-api\4.0.2\jakarta.xml.bind-api-4.0.2.jar;C:\Users\HP\.m2\repository\jakarta\activation\jakarta.activation-api\2.1.3\jakarta.activation-api-2.1.3.jar;C:\Users\HP\.m2\repository\org\springframework\spring-core\6.2.6\spring-core-6.2.6.jar;C:\Users\HP\.m2\repository\org\springframework\spring-jcl\6.2.6\spring-jcl-6.2.6.jar;C:\Users\HP\.m2\repository\io\jsonwebtoken\jjwt-api\0.11.5\jjwt-api-0.11.5.jar;C:\Users\HP\.m2\repository\io\jsonwebtoken\jjwt-impl\0.11.5\jjwt-impl-0.11.5.jar;C:\Users\HP\.m2\repository\io\jsonwebtoken\jjwt-jackson\0.11.5\jjwt-jackson-0.11.5.jar;C:\Users\HP\.m2\repository\com\fasterxml\jackson\core\jackson-databind\2.18.3\jackson-databind-2.18.3.jar;C:\Users\HP\.m2\repository\com\fasterxml\jackson\core\jackson-annotations\2.18.3\jackson-annotations-2.18.3.jar;C:\Users\HP\.m2\repository\com\fasterxml\jackson\core\jackson-core\2.18.3\jackson-core-2.18.3.jar;C:\Users\HP\.m2\repository\org\springframework\boot\spring-boot-starter-mail\3.4.5\spring-boot-starter-mail-3.4.5.jar;C:\Users\HP\.m2\repository\org\springframework\spring-context-support\6.2.6\spring-context-support-6.2.6.jar;C:\Users\HP\.m2\repository\org\eclipse\angus\jakarta.mail\2.0.3\jakarta.mail-2.0.3.jar;C:\Users\HP\.m2\repository\org\eclipse\angus\angus-activation\2.0.2\angus-activation-2.0.2.jar;C:\Users\HP\.m2\repository\org\springframework\boot\spring-boot-starter-security\3.4.5\spring-boot-starter-security-3.4.5.jar;C:\Users\HP\.m2\repository\org\springframework\spring-aop\6.2.6\spring-aop-6.2.6.jar;C:\Users\HP\.m2\repository\org\springframework\security\spring-security-config\6.4.5\spring-security-config-6.4.5.jar;C:\Users\HP\.m2\repository\org\springframework\security\spring-security-core\6.4.5\spring-security-core-6.4.5.jar;C:\Users\HP\.m2\repository\org\springframework\security\spring-security-crypto\6.4.5\spring-security-crypto-6.4.5.jar;C:\Users\HP\.m2\repository\org\springframework\security\spring-security-web\6.4.5\spring-security-web-6.4.5.jar;C:\Program Files\JetBrains\IntelliJ IDEA 2025.1.1.1\lib\idea_rt.jar
Launcher Type: SUN_STANDARD

[Global flags]
     intx CICompilerCount                          = 3                                         {product} {ergonomic}
     uint ConcGCThreads                            = 1                                         {product} {ergonomic}
     uint G1ConcRefinementThreads                  = 4                                         {product} {ergonomic}
   size_t G1HeapRegionSize                         = 1048576                                   {product} {ergonomic}
   size_t InitialHeapSize                          = 134217728                                 {product} {ergonomic}
     bool ManagementServer                         = true                                      {product} {command line}
   size_t MarkStackSize                            = 4194304                                   {product} {ergonomic}
   size_t MarkStackSizeMax                         = 536870912                                 {product} {ergonomic}
   size_t MaxHeapSize                              = 2122317824                                {product} {ergonomic}
   size_t MaxNewSize                               = 1272971264                                {product} {ergonomic}
   size_t MinHeapDeltaBytes                        = 1048576                                   {product} {ergonomic}
   size_t MinHeapSize                              = 8388608                                   {product} {ergonomic}
    uintx NonNMethodCodeHeapSize                   = 4096                                   {pd product} {ergonomic}
    uintx NonProfiledCodeHeapSize                  = 0                                      {pd product} {ergonomic}
     bool ProfileInterpreter                       = false                                  {pd product} {command line}
    uintx ProfiledCodeHeapSize                     = 0                                      {pd product} {ergonomic}
   size_t SoftMaxHeapSize                          = 2122317824                             {manageable} {ergonomic}
     intx TieredStopAtLevel                        = 1                                         {product} {command line}
     bool UseCompressedOops                        = true                           {product lp64_product} {ergonomic}
     bool UseG1GC                                  = true                                      {product} {ergonomic}
     bool UseLargePagesIndividualAllocation        = false                                  {pd product} {ergonomic}

Logging:
Log output configuration:
 #0: stdout all=warning uptime,level,tags foldmultilines=false
 #1: stderr all=off uptime,level,tags foldmultilines=false

Environment Variables:
PATH=C:\Program Files\Common Files\Oracle\Java\javapath;C:\Windows\system32;C:\Windows;C:\Windows\System32\Wbem;C:\Windows\System32\WindowsPowerShell\v1.0\;C:\Windows\System32\OpenSSH\;C:\flutter\bin;C:\Program Files\Git\cmd;C:\Program Files\Git\bin;C:\sqlite3;C:\Program Files (x86)\jdk\jdk-22.0.2+9\bin;C:\Program Files\nodejs\;C:\Program Files (x86)\maven-mvnd-1.0.2-windows-amd64\bin;C:\Program Files (x86)\jdk-23.0.2\bin;C:\Program Files (x86)\sdk;C:\Program Files (x86)\sdk\build-tools\34.0.0\lld-bin;C:\Program Files (x86)\spring-3.4.3\bin;C:\Program Files (x86)\apache-maven-3.9.9\bin;C:\Program Files (x86)\jdk\jdk-22.0.2+9\bin;C:\Program Files (x86)\gradle-8.13\bin;C:\Program Files\MySQL\MySQL Server 8.4\bin;C:\Program Files\Java\jdk-21;C:\Users\HP\AppData\Local\Microsoft\WindowsApps;C:\Users\HP\AppData\Local\Programs\Microsoft VS Code\bin;C:\xampp\php;C:\Users\HP\AppDa;C:\Users\HP\AppData\Local\Com;C:\Program Files (x86)\jdk\jdk-22.0.2+9\bin;C:\Program Files\Common Files\Oracle\Java\javapath;C:\Program Files (x86)\Common Files\Oracle\Java\java8path;C:\Program Files (x86)\Common Files\Oracle\Java\javapath;C:\Windows\system32;C:\Windows;C:\Windows\System32\Wbem;C:\Windows\System32\WindowsPowerShell\v1.0\;C:\Windows\System32\OpenSSH\;C:\flutter\bin;C:\Program Files\Git\cmd;C:\Program Files\Git\bin;C:\sqlite3;C:\Program Files\nodejs\;C:\Program Files (x86)\maven-mvnd-1.0.2-windows-amd64\bin;C:\Program Files (x86)\jdk-23.0.2\bin;C:\Program Files (x86)\sdk;C:\Program Files (x86)\sdk\build-tools\34.0.0\lld-bin;C:\Program Files (x86)\spring-3.4.3\bin;C:\Program Files (x86)\apache-maven-3.9.9\bin;C:\Program Files (x86)\gradle-8.13\bin;C:\Program Files\MySQL\MySQL Server 8.4\bin;C:\Users\HP\AppData\Local\Microsoft\WindowsApps;C:\flutter\bin;C:\Users\HP\AppData\Local\Programs\Microsoft VS Code\bin;C:\xampp\php;C:\Users\HP\AppDa;C:\Users\HP\AppData\Local\ComposerSetup\bin;C:\Users\HP\AppData\Roaming\Composer\vendor\bin;C:\Program Files\JetBrains\IntelliJ IDEA 2025.1.1.1\bin;;C:\Program Files\Java\jdk-21;
USERNAME=HP
OS=Windows_NT
PROCESSOR_IDENTIFIER=Intel64 Family 6 Model 78 Stepping 3, GenuineIntel
TMP=C:\Users\HP\AppData\Local\Temp
TEMP=C:\Users\HP\AppData\Local\Temp




Periodic native trim disabled

---------------  S Y S T E M  ---------------

OS:
 Windows 10 , 64 bit Build 19041 (10.0.19041.5794)
OS uptime: 1 days 1:28 hours

CPU: total 4 (initial active 4) (2 cores per cpu, 2 threads per core) family 6 model 78 stepping 3 microcode 0xcc, cx8, cmov, fxsr, ht, mmx, 3dnowpref, sse, sse2, sse3, ssse3, sse4.1, sse4.2, popcnt, lzcnt, tsc, tscinvbit, avx, avx2, aes, erms, clmul, bmi1, bmi2, adx, fma, vzeroupper, clflush, clflushopt, rdtscp, f16c
Processor Information for the first 4 processors :
  Max Mhz: 2400, Current Mhz: 2300, Mhz Limit: 2280

Memory: 4k page, system-wide physical 8088M (402M free)
TotalPageFile size 22936M (AvailPageFile size 5266M)
current process WorkingSet (physical memory assigned to process): 260M, peak: 260M
current process commit charge ("private bytes"): 301M, peak: 301M

vm_info: OpenJDK 64-Bit Server VM (24+36-3646) for windows-amd64 JRE (24+36-3646), built on 2025-02-06T00:20:43Z with MS VC++ 17.6 (VS2022)

END.
